<?xml version="1.0" encoding="UTF-8"?>
<!-- Generated by org.testng.reporters.JUnitReportReporter -->
<testsuite hostname="gowtham" failures="0" tests="1" name="testcases.JavaTestCases" time="0.778" errors="0" timestamp="2021-06-06T16:40:05 IST" skipped="0">
  <testcase classname="testcases.JavaTestCases" name="verifyJavaPageIsOpening" time="0.778"/>
  <system-out/>
</testsuite> <!-- testcases.JavaTestCases -->
