<?xml version="1.0" encoding="UTF-8"?>
<!-- Generated by org.testng.reporters.JUnitReportReporter -->
<testsuite hostname="gowtham" failures="0" tests="1" name="base.Base" time="18.891" errors="0" timestamp="2021-06-06T11:04:18 IST" skipped="0">
  <testcase classname="base.Base" name="launchURL" time="18.891"/>
  <system-out/>
</testsuite> <!-- base.Base -->
